0 info it worked if it ends with ok
1 verbose cli [ 'E:\\web前端\\工具\\node.js\\node.exe',
1 verbose cli   'E:\\web前端\\工具\\node.js\\node_modules\\npm\\bin\\npm-cli.js',
1 verbose cli   'run',
1 verbose cli   'dev' ]
2 info using npm@2.15.8
3 info using node@v4.4.7
4 verbose stack Error: Failed to parse json
4 verbose stack No value found for key dev at 7:12
4 verbose stack     "dev": webpack-dev-server --port 8080",
4 verbose stack            ^
4 verbose stack     at parseError (E:\web前端\工具\node.js\node_modules\npm\node_modules\read-package-json\read-json.js:390:11)
4 verbose stack     at parseJson (E:\web前端\工具\node.js\node_modules\npm\node_modules\read-package-json\read-json.js:79:23)
4 verbose stack     at E:\web前端\工具\node.js\node_modules\npm\node_modules\read-package-json\read-json.js:48:5
4 verbose stack     at E:\web前端\工具\node.js\node_modules\npm\node_modules\graceful-fs\graceful-fs.js:78:16
4 verbose stack     at FSReqWrap.readFileAfterClose [as oncomplete] (fs.js:380:3)
5 verbose cwd E:\webpack v1.0\mmall
6 error Windows_NT 10.0.15063
7 error argv "E:\\web前端\\工具\\node.js\\node.exe" "E:\\web前端\\工具\\node.js\\node_modules\\npm\\bin\\npm-cli.js" "run" "dev"
8 error node v4.4.7
9 error npm  v2.15.8
10 error file E:\webpack v1.0\mmall\package.json
11 error code EJSONPARSE
12 error Failed to parse json
12 error No value found for key dev at 7:12
12 error     "dev": webpack-dev-server --port 8080",
12 error            ^
13 error File: E:\webpack v1.0\mmall\package.json
14 error Failed to parse package.json data.
14 error package.json must be actual JSON, not just JavaScript.
14 error
14 error This is not a bug in npm.
14 error Tell the package author to fix their package.json file. JSON.parse
15 verbose exit [ 1, true ]
